<?xml version="1.0" encoding="UTF-8"?>
<!-- Generated by org.testng.reporters.JUnitXMLReporter -->
<testsuite ignored="0" hostname="Sakthi" failures="1" tests="1" name="Test02" time="0.006" errors="0" timestamp="2024-03-02T14:06:29 IST">
  <testcase classname="DataDrivenFrameWork.Login" name="loguser" time="0.002">
    <failure type="org.testng.internal.reflect.MethodMatcherException" message="
[public void DataDrivenFrameWork.Login.loguser(java.lang.String,java.lang.String,java.lang.String)] has no parameters defined but was found to be using a data provider (either explicitly specified or inherited from class level annotation).
Data provider mismatch
Method: loguser([java.lang.String arg0, java.lang.String arg1, java.lang.String arg2])
Arguments: [(java.lang.String) koushik350@gmail.com,(java.lang.String) Pass123$]">
      <![CDATA[org.testng.internal.reflect.MethodMatcherException: 
[public void DataDrivenFrameWork.Login.loguser(java.lang.String,java.lang.String,java.lang.String)] has no parameters defined but was found to be using a data provider (either explicitly specified or inherited from class level annotation).
Data provider mismatch
Method: loguser([java.lang.String arg0, java.lang.String arg1, java.lang.String arg2])
Arguments: [(java.lang.String) koushik350@gmail.com,(java.lang.String) Pass123$]
at java.base/java.util.ArrayList.forEach(ArrayList.java:1511)
... Removed 22 stack frames]]>
    </failure>
  </testcase> <!-- loguser -->
</testsuite> <!-- Test02 -->
