<?xml version="1.0" encoding="UTF-8"?>
<!-- Generated by org.testng.reporters.JUnitXMLReporter -->
<testsuite ignored="0" hostname="Sakthi" failures="1" tests="3" name="Test" time="13.244" errors="0" timestamp="2024-03-14T18:54:05 IST">
  <testcase classname="Test_NG.LearnFindElements" name="findElements" time="5.506">
    <failure type="java.lang.ClassCastException" message="class java.util.ArrayList cannot be cast to class org.openqa.selenium.WebElement (java.util.ArrayList is in module java.base of loader &amp;apos;bootstrap&amp;apos;; org.openqa.selenium.WebElement is in unnamed module of loader &amp;apos;app&amp;apos;)">
      <![CDATA[java.lang.ClassCastException: class java.util.ArrayList cannot be cast to class org.openqa.selenium.WebElement (java.util.ArrayList is in module java.base of loader 'bootstrap'; org.openqa.selenium.WebElement is in unnamed module of loader 'app')
at Test_NG.LearnFindElements.findElements(LearnFindElements.java:21)
at java.base/java.util.concurrent.ThreadPoolExecutor.runWorker(ThreadPoolExecutor.java:1136)
at java.base/java.util.concurrent.ThreadPoolExecutor$Worker.run(ThreadPoolExecutor.java:635)
at java.base/java.lang.Thread.run(Thread.java:833)
... Removed 12 stack frames]]>
    </failure>
  </testcase> <!-- findElements -->
  <testcase classname="Test_NG.LearnFindElements" name="letcode" time="0.0">
    <skipped/>
  </testcase> <!-- letcode -->
  <testcase classname="Test_NG.Practice_testNG" name="windowHandling" time="13.165"/>
</testsuite> <!-- Test -->
